
Showing logs for build [32mjenkinsx01-movie-info-service-m-wm6f7-2[0m stage [32mfrom-build-pack[0m and container [32mcredential-initializer[0m
{"level":"info","ts":1615877843.9404206,"caller":"creds-init/main.go:44","msg":"Credentials initialized."}

Showing logs for build [32mjenkinsx01-movie-info-service-m-wm6f7-2[0m stage [32mfrom-build-pack[0m and container [32mworking-dir-initializer[0m

Showing logs for build [32mjenkinsx01-movie-info-service-m-wm6f7-2[0m stage [32mfrom-build-pack[0m and container [32mplace-tools[0m

Showing logs for build [32mjenkinsx01-movie-info-service-m-wm6f7-2[0m stage [32mfrom-build-pack[0m and container [32mstep-git-source-jenkinsx01-movie-info-service-m-wm6f7-dhsjj[0m
{"level":"info","ts":1615877852.418167,"caller":"git/git.go:105","msg":"Successfully cloned https://github.com/JenkinsX01/Movie-Info-Service.git @ v0.0.2 in path /workspace/source"}
{"level":"warn","ts":1615877852.418252,"caller":"git/git.go:152","msg":"Unexpected error: creating symlink: symlink /tekton/home/.ssh /root/.ssh: file exists"}
{"level":"info","ts":1615877852.4617293,"caller":"git/git.go:133","msg":"Successfully initialized and updated submodules in path /workspace/source"}

Showing logs for build [32mjenkinsx01-movie-info-service-m-wm6f7-2[0m stage [32mfrom-build-pack[0m and container [32mstep-setup-builder-home[0m

Showing logs for build [32mjenkinsx01-movie-info-service-m-wm6f7-2[0m stage [32mfrom-build-pack[0m and container [32mstep-git-merge[0m
Using SHAs from PULL_REFS=master:25d563b7cbe183c603482a447cf43b8f99b15c74
WARNING: no SHAs to merge, falling back to initial cloned commit

Showing logs for build [32mjenkinsx01-movie-info-service-m-wm6f7-2[0m stage [32mfrom-build-pack[0m and container [32mstep-setup-jx-git-credentials[0m
Generated Git credentials file /workspace/xdg_config/git/credentials

Showing logs for build [32mjenkinsx01-movie-info-service-m-wm6f7-2[0m stage [32mfrom-build-pack[0m and container [32mstep-build-mvn-deploy[0m
Picked up _JAVA_OPTIONS: -XX:+UnlockExperimentalVMOptions -Dsun.zip.disableMemoryMapping=true -XX:+UseParallelGC -XX:MinHeapFreeRatio=5 -XX:MaxHeapFreeRatio=10 -XX:GCTimeRatio=4 -XX:AdaptiveSizePolicyWeight=90 -Xms10m -Xmx192m
[INFO] Scanning for projects...
[WARNING] 
[WARNING] Some problems were encountered while building the effective model for com.example:movie-info-service:jar:0.0.2
[WARNING] 'dependencies.dependency.(groupId:artifactId:type:classifier)' must be unique: org.springframework.boot:spring-boot-starter-data-jpa:jar -> duplicate declaration of version (?) @ line 30, column 15
[WARNING] 
[WARNING] It is highly recommended to fix these problems because they threaten the stability of your build.
[WARNING] 
[WARNING] For this reason, future Maven versions might no longer support building such malformed projects.
[WARNING] 
[INFO] 
[INFO] -------------------< com.example:movie-info-service >-------------------
[INFO] Building movie-info-service 0.0.2
[INFO] --------------------------------[ jar ]---------------------------------
[INFO] 
[INFO] --- maven-clean-plugin:3.1.0:clean (default-clean) @ movie-info-service ---
[INFO] 
[INFO] --- maven-resources-plugin:3.2.0:resources (default-resources) @ movie-info-service ---
[INFO] Using 'UTF-8' encoding to copy filtered resources.
[INFO] Using 'UTF-8' encoding to copy filtered properties files.
[INFO] Copying 1 resource
[INFO] Copying 0 resource
[INFO] 
[INFO] --- maven-compiler-plugin:3.8.1:compile (default-compile) @ movie-info-service ---
[INFO] Changes detected - recompiling the module!
[INFO] Compiling 5 source files to /workspace/source/target/classes
[INFO] 
[INFO] --- maven-resources-plugin:3.2.0:testResources (default-testResources) @ movie-info-service ---
[INFO] Using 'UTF-8' encoding to copy filtered resources.
[INFO] Using 'UTF-8' encoding to copy filtered properties files.
[INFO] skip non existing resourceDirectory /workspace/source/src/test/resources
[INFO] 
[INFO] --- maven-compiler-plugin:3.8.1:testCompile (default-testCompile) @ movie-info-service ---
[INFO] Changes detected - recompiling the module!
[INFO] Compiling 1 source file to /workspace/source/target/test-classes
[INFO] 
[INFO] --- maven-surefire-plugin:3.0.0-M1:test (default-test) @ movie-info-service ---
[INFO] 
[INFO] -------------------------------------------------------
[INFO]  T E S T S
[INFO] -------------------------------------------------------
[INFO] Running com.example.movieinfoservice.MovieInfoServiceApplicationTests
06:57:57.481 [main] DEBUG org.springframework.test.context.BootstrapUtils - Instantiating CacheAwareContextLoaderDelegate from class [org.springframework.test.context.cache.DefaultCacheAwareContextLoaderDelegate]
06:57:57.568 [main] DEBUG org.springframework.test.context.BootstrapUtils - Instantiating BootstrapContext using constructor [public org.springframework.test.context.support.DefaultBootstrapContext(java.lang.Class,org.springframework.test.context.CacheAwareContextLoaderDelegate)]
06:57:57.617 [main] DEBUG org.springframework.test.context.BootstrapUtils - Instantiating TestContextBootstrapper for test class [com.example.movieinfoservice.MovieInfoServiceApplicationTests] from class [org.springframework.boot.test.context.SpringBootTestContextBootstrapper]
06:57:57.668 [main] INFO org.springframework.boot.test.context.SpringBootTestContextBootstrapper - Neither @ContextConfiguration nor @ContextHierarchy found for test class [com.example.movieinfoservice.MovieInfoServiceApplicationTests], using SpringBootContextLoader
06:57:57.676 [main] DEBUG org.springframework.test.context.support.AbstractContextLoader - Did not detect default resource location for test class [com.example.movieinfoservice.MovieInfoServiceApplicationTests]: class path resource [com/example/movieinfoservice/MovieInfoServiceApplicationTests-context.xml] does not exist
06:57:57.677 [main] DEBUG org.springframework.test.context.support.AbstractContextLoader - Did not detect default resource location for test class [com.example.movieinfoservice.MovieInfoServiceApplicationTests]: class path resource [com/example/movieinfoservice/MovieInfoServiceApplicationTestsContext.groovy] does not exist
06:57:57.677 [main] INFO org.springframework.test.context.support.AbstractContextLoader - Could not detect default resource locations for test class [com.example.movieinfoservice.MovieInfoServiceApplicationTests]: no resource found for suffixes {-context.xml, Context.groovy}.
06:57:57.678 [main] INFO org.springframework.test.context.support.AnnotationConfigContextLoaderUtils - Could not detect default configuration classes for test class [com.example.movieinfoservice.MovieInfoServiceApplicationTests]: MovieInfoServiceApplicationTests does not declare any static, non-private, non-final, nested classes annotated with @Configuration.
06:57:57.788 [main] DEBUG org.springframework.test.context.support.ActiveProfilesUtils - Could not find an 'annotation declaring class' for annotation type [org.springframework.test.context.ActiveProfiles] and class [com.example.movieinfoservice.MovieInfoServiceApplicationTests]
06:57:57.901 [main] DEBUG org.springframework.context.annotation.ClassPathScanningCandidateComponentProvider - Identified candidate component class: file [/workspace/source/target/classes/com/example/movieinfoservice/MovieInfoServiceApplication.class]
06:57:57.913 [main] INFO org.springframework.boot.test.context.SpringBootTestContextBootstrapper - Found @SpringBootConfiguration com.example.movieinfoservice.MovieInfoServiceApplication for test class com.example.movieinfoservice.MovieInfoServiceApplicationTests
06:57:58.198 [main] DEBUG org.springframework.boot.test.context.SpringBootTestContextBootstrapper - @TestExecutionListeners is not present for class [com.example.movieinfoservice.MovieInfoServiceApplicationTests]: using defaults.
06:57:58.202 [main] INFO org.springframework.boot.test.context.SpringBootTestContextBootstrapper - Loaded default TestExecutionListener class names from location [META-INF/spring.factories]: [org.springframework.boot.test.mock.mockito.MockitoTestExecutionListener, org.springframework.boot.test.mock.mockito.ResetMocksTestExecutionListener, org.springframework.boot.test.autoconfigure.restdocs.RestDocsTestExecutionListener, org.springframework.boot.test.autoconfigure.web.client.MockRestServiceServerResetTestExecutionListener, org.springframework.boot.test.autoconfigure.web.servlet.MockMvcPrintOnlyOnFailureTestExecutionListener, org.springframework.boot.test.autoconfigure.web.servlet.WebDriverTestExecutionListener, org.springframework.boot.test.autoconfigure.webservices.client.MockWebServiceServerTestExecutionListener, org.springframework.test.context.web.ServletTestExecutionListener, org.springframework.test.context.support.DirtiesContextBeforeModesTestExecutionListener, org.springframework.test.context.event.ApplicationEventsTestExecutionListener, org.springframework.test.context.support.DependencyInjectionTestExecutionListener, org.springframework.test.context.support.DirtiesContextTestExecutionListener, org.springframework.test.context.transaction.TransactionalTestExecutionListener, org.springframework.test.context.jdbc.SqlScriptsTestExecutionListener, org.springframework.test.context.event.EventPublishingTestExecutionListener]
06:57:58.277 [main] INFO org.springframework.boot.test.context.SpringBootTestContextBootstrapper - Using TestExecutionListeners: [org.springframework.test.context.web.ServletTestExecutionListener@101639ae, org.springframework.test.context.support.DirtiesContextBeforeModesTestExecutionListener@4c550889, org.springframework.test.context.event.ApplicationEventsTestExecutionListener@1d2bd371, org.springframework.boot.test.mock.mockito.MockitoTestExecutionListener@44040454, org.springframework.boot.test.autoconfigure.SpringBootDependencyInjectionTestExecutionListener@65fe9e33, org.springframework.test.context.support.DirtiesContextTestExecutionListener@18bc345, org.springframework.test.context.transaction.TransactionalTestExecutionListener@42f8285e, org.springframework.test.context.jdbc.SqlScriptsTestExecutionListener@26bab2f1, org.springframework.test.context.event.EventPublishingTestExecutionListener@3724af13, org.springframework.boot.test.mock.mockito.ResetMocksTestExecutionListener@68ead359, org.springframework.boot.test.autoconfigure.restdocs.RestDocsTestExecutionListener@6b53bcc2, org.springframework.boot.test.autoconfigure.web.client.MockRestServiceServerResetTestExecutionListener@180da663, org.springframework.boot.test.autoconfigure.web.servlet.MockMvcPrintOnlyOnFailureTestExecutionListener@a43ce46, org.springframework.boot.test.autoconfigure.web.servlet.WebDriverTestExecutionListener@340da44c, org.springframework.boot.test.autoconfigure.webservices.client.MockWebServiceServerTestExecutionListener@424ebba3]
06:57:58.287 [main] DEBUG org.springframework.test.context.support.AbstractDirtiesContextTestExecutionListener - Before test class: context [DefaultTestContext@3b0c9195 testClass = MovieInfoServiceApplicationTests, testInstance = [null], testMethod = [null], testException = [null], mergedContextConfiguration = [WebMergedContextConfiguration@366c4480 testClass = MovieInfoServiceApplicationTests, locations = '{}', classes = '{class com.example.movieinfoservice.MovieInfoServiceApplication}', contextInitializerClasses = '[]', activeProfiles = '{}', propertySourceLocations = '{}', propertySourceProperties = '{org.springframework.boot.test.context.SpringBootTestContextBootstrapper=true}', contextCustomizers = set[org.springframework.boot.test.context.filter.ExcludeFilterContextCustomizer@5be1d0a4, org.springframework.boot.test.json.DuplicateJsonObjectContextCustomizerFactory$DuplicateJsonObjectContextCustomizer@311bf055, org.springframework.boot.test.mock.mockito.MockitoContextCustomizer@0, org.springframework.boot.test.web.client.TestRestTemplateContextCustomizer@769a1df5, org.springframework.boot.test.autoconfigure.actuate.metrics.MetricsExportContextCustomizerFactory$DisableMetricExportContextCustomizer@50f6ac94, org.springframework.boot.test.autoconfigure.properties.PropertyMappingContextCustomizer@0, org.springframework.boot.test.autoconfigure.web.servlet.WebDriverContextCustomizerFactory$Customizer@4b86805d, org.springframework.boot.test.context.SpringBootTestArgs@1, org.springframework.boot.test.context.SpringBootTestWebEnvironment@6973bf95], resourceBasePath = 'src/main/webapp', contextLoader = 'org.springframework.boot.test.context.SpringBootContextLoader', parent = [null]], attributes = map['org.springframework.test.context.web.ServletTestExecutionListener.activateListener' -> true]], class annotated with @DirtiesContext [false] with mode [null].
06:57:58.420 [main] DEBUG org.springframework.test.context.support.TestPropertySourceUtils - Adding inlined properties to environment: {spring.jmx.enabled=false, org.springframework.boot.test.context.SpringBootTestContextBootstrapper=true}

  .   ____          _            __ _ _
 /\\ / ___'_ __ _ _(_)_ __  __ _ \ \ \ \
( ( )\___ | '_ | '_| | '_ \/ _` | \ \ \ \
 \\/  ___)| |_)| | | | | || (_| |  ) ) ) )
  '  |____| .__|_| |_|_| |_\__, | / / / /
 =========|_|==============|___/=/_/_/_/
 :: Spring Boot ::                (v2.4.3)

2021-03-16 06:57:59.192  INFO 70 --- [           main] c.e.m.MovieInfoServiceApplicationTests   : Starting MovieInfoServiceApplicationTests using Java 11.0.2 on jenkinsx01-movie-info-service-m-wm6f7-2-from-build-pack-j-gfr5j with PID 70 (started by root in /workspace/source)
2021-03-16 06:57:59.204  INFO 70 --- [           main] c.e.m.MovieInfoServiceApplicationTests   : No active profile set, falling back to default profiles: default
2021-03-16 06:58:01.184  INFO 70 --- [           main] .s.d.r.c.RepositoryConfigurationDelegate : Bootstrapping Spring Data JPA repositories in DEFAULT mode.
2021-03-16 06:58:01.307  INFO 70 --- [           main] .s.d.r.c.RepositoryConfigurationDelegate : Finished Spring Data repository scanning in 114 ms. Found 1 JPA repository interfaces.
2021-03-16 06:58:03.402  INFO 70 --- [           main] o.hibernate.jpa.internal.util.LogHelper  : HHH000204: Processing PersistenceUnitInfo [name: default]
2021-03-16 06:58:03.563  INFO 70 --- [           main] org.hibernate.Version                    : HHH000412: Hibernate ORM core version 5.4.28.Final
2021-03-16 06:58:03.808  INFO 70 --- [           main] o.hibernate.annotations.common.Version   : HCANN000001: Hibernate Commons Annotations {5.1.2.Final}
2021-03-16 06:58:04.113  INFO 70 --- [           main] com.zaxxer.hikari.HikariDataSource       : HikariPool-1 - Starting...
2021-03-16 06:58:05.511  INFO 70 --- [           main] com.zaxxer.hikari.HikariDataSource       : HikariPool-1 - Start completed.
2021-03-16 06:58:05.540  INFO 70 --- [           main] org.hibernate.dialect.Dialect            : HHH000400: Using dialect: org.hibernate.dialect.MySQL8Dialect
2021-03-16 06:58:08.073  INFO 70 --- [           main] o.h.e.t.j.p.i.JtaPlatformInitiator       : HHH000490: Using JtaPlatform implementation: [org.hibernate.engine.transaction.jta.platform.internal.NoJtaPlatform]
2021-03-16 06:58:08.082  INFO 70 --- [           main] j.LocalContainerEntityManagerFactoryBean : Initialized JPA EntityManagerFactory for persistence unit 'default'
2021-03-16 06:58:09.609  WARN 70 --- [           main] JpaBaseConfiguration$JpaWebConfiguration : spring.jpa.open-in-view is enabled by default. Therefore, database queries may be performed during view rendering. Explicitly configure spring.jpa.open-in-view to disable this warning
2021-03-16 06:58:11.021  INFO 70 --- [           main] o.s.s.concurrent.ThreadPoolTaskExecutor  : Initializing ExecutorService 'applicationTaskExecutor'
2021-03-16 06:58:12.182  INFO 70 --- [           main] c.e.m.MovieInfoServiceApplicationTests   : Started MovieInfoServiceApplicationTests in 13.717 seconds (JVM running for 16.67)
[INFO] Tests run: 1, Failures: 0, Errors: 0, Skipped: 0, Time elapsed: 15.418 s - in com.example.movieinfoservice.MovieInfoServiceApplicationTests
2021-03-16 06:58:12.686  INFO 70 --- [extShutdownHook] o.s.s.concurrent.ThreadPoolTaskExecutor  : Shutting down ExecutorService 'applicationTaskExecutor'
2021-03-16 06:58:12.689  INFO 70 --- [extShutdownHook] j.LocalContainerEntityManagerFactoryBean : Closing JPA EntityManagerFactory for persistence unit 'default'
2021-03-16 06:58:12.698  INFO 70 --- [extShutdownHook] com.zaxxer.hikari.HikariDataSource       : HikariPool-1 - Shutdown initiated...
2021-03-16 06:58:12.773  INFO 70 --- [extShutdownHook] com.zaxxer.hikari.HikariDataSource       : HikariPool-1 - Shutdown completed.
[INFO] 
[INFO] Results:
[INFO] 
[INFO] Tests run: 1, Failures: 0, Errors: 0, Skipped: 0
[INFO] 
[INFO] 
[INFO] --- maven-jar-plugin:3.2.0:jar (default-jar) @ movie-info-service ---
[INFO] Building jar: /workspace/source/target/movie-info-service-0.0.2.jar
[INFO] 
[INFO] --- spring-boot-maven-plugin:2.4.3:repackage (repackage) @ movie-info-service ---
[INFO] Replacing main artifact with repackaged archive
[INFO] 
[INFO] --- maven-install-plugin:2.5.2:install (default-install) @ movie-info-service ---
[INFO] Installing /workspace/source/target/movie-info-service-0.0.2.jar to /home/jenkins/.mvnrepository/com/example/movie-info-service/0.0.2/movie-info-service-0.0.2.jar
[INFO] Installing /workspace/source/pom.xml to /home/jenkins/.mvnrepository/com/example/movie-info-service/0.0.2/movie-info-service-0.0.2.pom
[INFO] 
[INFO] --- maven-deploy-plugin:2.8.2:deploy (default-deploy) @ movie-info-service ---
[INFO] Using alternate deployment repository local-nexus::default::http://nexus/repository/maven-releases/
[INFO] ------------------------------------------------------------------------
[INFO] BUILD SUCCESS
[INFO] ------------------------------------------------------------------------
[INFO] Total time:  41.749 s
[INFO] Finished at: 2021-03-16T06:58:18Z
[INFO] ------------------------------------------------------------------------

Showing logs for build [32mjenkinsx01-movie-info-service-m-wm6f7-2[0m stage [32mfrom-build-pack[0m and container [32mstep-build-skaffold-version[0m
v1.0.1

Showing logs for build [32mjenkinsx01-movie-info-service-m-wm6f7-2[0m stage [32mfrom-build-pack[0m and container [32mstep-build-container-build[0m
E0316 06:58:21.185770      10 aws_credentials.go:77] while getting AWS credentials NoCredentialProviders: no valid providers in chain. Deprecated.
	For verbose messaging see aws.Config.CredentialsChainVerboseErrors
[36mINFO[0m[0001] Using dockerignore file: /workspace/source/.dockerignore 
[36mINFO[0m[0001] Retrieving image manifest openjdk:11-jre-slim 
[36mINFO[0m[0001] Retrieving image manifest openjdk:11-jre-slim 
[36mINFO[0m[0001] Built cross stage deps: map[]                
[36mINFO[0m[0001] Retrieving image manifest openjdk:11-jre-slim 
[36mINFO[0m[0001] Retrieving image manifest openjdk:11-jre-slim 
[36mINFO[0m[0002] Executing 0 build triggers                   
[36mINFO[0m[0002] cmd: EXPOSE                                  
[36mINFO[0m[0002] Adding exposed port: 8080/tcp                
[36mINFO[0m[0002] Resolving srcs [pom.xml target/lib*]...      
[36mINFO[0m[0002] Checking for cached layer karriacr.azurecr.io/todo/cache:c207594c2df2164217a9c7165fb47e7f30910479b58f8980cafcf00eac1eb1cf... 
[36mINFO[0m[0002] No cached layer found for cmd COPY pom.xml target/lib* /opt/lib/ 
[36mINFO[0m[0002] Resolving srcs [target/*.jar]...             
[36mINFO[0m[0002] Unpacking rootfs as cmd COPY pom.xml target/lib* /opt/lib/ requires it. 
[36mINFO[0m[0007] ENV PORT 8080                                
[36mINFO[0m[0007] No files changed in this command, skipping snapshotting. 
[36mINFO[0m[0007] ENV CLASSPATH /opt/lib                       
[36mINFO[0m[0007] No files changed in this command, skipping snapshotting. 
[36mINFO[0m[0007] EXPOSE 8080                                  
[36mINFO[0m[0007] cmd: EXPOSE                                  
[36mINFO[0m[0007] Adding exposed port: 8080/tcp                
[36mINFO[0m[0007] No files changed in this command, skipping snapshotting. 
[36mINFO[0m[0007] Resolving srcs [pom.xml target/lib*]...      
[36mINFO[0m[0007] COPY pom.xml target/lib* /opt/lib/           
[36mINFO[0m[0007] Resolving srcs [pom.xml target/lib*]...      
[36mINFO[0m[0007] Resolving 1 paths                            
[36mINFO[0m[0007] Taking snapshot of files...                  
[36mINFO[0m[0007] Resolving srcs [target/*.jar]...             
[36mINFO[0m[0007] Pushing layer karriacr.azurecr.io/todo/cache:c207594c2df2164217a9c7165fb47e7f30910479b58f8980cafcf00eac1eb1cf to cache now 
[36mINFO[0m[0007] COPY target/*.jar /opt/app.jar               
[36mINFO[0m[0007] Resolving srcs [target/*.jar]...             
[36mINFO[0m[0007] Resolving 1 paths                            
[36mINFO[0m[0007] Taking snapshot of files...                  
[36mINFO[0m[0008] WORKDIR /opt                                 
[36mINFO[0m[0008] cmd: workdir                                 
[36mINFO[0m[0008] Changed working directory to /opt            
[36mINFO[0m[0008] No files changed in this command, skipping snapshotting. 
[36mINFO[0m[0008] CMD ["java", "-jar", "app.jar"]              
[36mINFO[0m[0008] No files changed in this command, skipping snapshotting. 
[36mINFO[0m[0008] Pushing layer karriacr.azurecr.io/todo/cache:de9322e93ccf691c0de4bfb9d8cc6006e1dcf75ebba75257552ef76e12c7a6cb to cache now 

Showing logs for build [32mjenkinsx01-movie-info-service-m-wm6f7-2[0m stage [32mfrom-build-pack[0m and container [32mstep-build-post-build[0m
no CVE provider running in the current ** namespace so skip adding image to be analysed

Showing logs for build [32mjenkinsx01-movie-info-service-m-wm6f7-2[0m stage [32mfrom-build-pack[0m and container [32mstep-promote-changelog[0m
Converted /workspace/source/charts/movie-info-service to an unshallow repository
Generating change log from git ref 1e485d1b5742485c18e8713c2b0f7e68a33d06f5 => 7fda398d340673c221038bdff9de64f94868adbb
Associating user jenkins-x-bot in users.jenkins.io with email jenkins-x@googlegroups.com to git GitProvider user with login jenkins-x-bot-0 as emails match
Adding label jenkins.io/git-github-userid=jenkins-x-bot-0 to user jenkins-x-bot in users.jenkins.io
Associating user jenkins-x-bot in users.jenkins.io with email jenkins-x@googlegroups.com to git GitProvider user with login jenkins-x-bot-0 as emails match
Adding label jenkins.io/git-github-userid=jenkins-x-bot-0 to user jenkins-x-bot in users.jenkins.io
Finding issues in commit messages using git format
WARNING: No release found for JenkinsX01/Movie-Info-Service and tag v0.0.2 so creating a new release
Updated the release information at https://github.com/JenkinsX01/Movie-Info-Service/releases/tag/v0.0.2
generated: /workspace/source/charts/movie-info-service/templates/release.yaml
Created Release movie-info-service-0-0-2 resource in namespace **
Updating PipelineActivity jenkinsx01-movie-info-service-master-2 with version 0.0.2
Updated PipelineActivities jenkinsx01-movie-info-service-master-2 with release notes URL: https://github.com/JenkinsX01/Movie-Info-Service/releases/tag/v0.0.2

Showing logs for build [32mjenkinsx01-movie-info-service-m-wm6f7-2[0m stage [32mfrom-build-pack[0m and container [32mstep-promote-helm-release[0m
WARNING: No $CHART_REPOSITORY defined so using the default value of: http://jenkins-x-chartmuseum:8080
Adding missing Helm repo: storage.googleapis.com https://storage.googleapis.com/chartmuseum.jenkins-x.io
Successfully added Helm repository storage.googleapis.com.
Adding missing Helm repo: jenkins-x-chartmuseum http://jenkins-x-chartmuseum:8080
Successfully added Helm repository jenkins-x-chartmuseum.
WARNING: No $CHART_REPOSITORY defined so using the default value of: http://jenkins-x-chartmuseum:8080
Uploading chart file movie-info-service-0.0.2.tgz to http://jenkins-x-chartmuseum:8080/api/charts
Received 201 response: {"saved":true}

Showing logs for build [32mjenkinsx01-movie-info-service-m-wm6f7-2[0m stage [32mfrom-build-pack[0m and container [32mstep-promote-jx-promote[0m
WARNING: prow based install so skip waiting for the merge of Pull Requests to go green as currently there is an issue with gettingstatuses from the PR, see https://github.com/jenkins-x/**/issues/2410
WARNING: No $CHART_REPOSITORY defined so using the default value of: http://jenkins-x-chartmuseum:8080
Promoting app movie-info-service version 0.0.2 to namespace **-staging
Created Pull Request: https://github.com/JenkinsX01/environment-**akscluster-staging/pull/15
Added label updatebot to Pull Request https://github.com/JenkinsX01/environment-**akscluster-staging/pull/15
got git provider status pending from PR https://github.com/JenkinsX01/environment-**akscluster-staging/pull/15
got git provider status pending from PR https://github.com/JenkinsX01/environment-**akscluster-staging/pull/15
got git provider status pending from PR https://github.com/JenkinsX01/environment-**akscluster-staging/pull/15
Pull Request https://github.com/JenkinsX01/environment-**akscluster-staging/pull/15 is merged at sha 8436654925f11b987a0e8d84a8186cb7758ab364
Pull Request merged but we are not waiting for the update pipeline to complete!
